{"/Users/dslaugh/github_repos/testjs/jest_test/src/ZipLocations.js": {"path":"/Users/dslaugh/github_repos/testjs/jest_test/src/ZipLocations.js","statementMap":{"0":{"start":{"line":1,"column":39},"end":{"line":1,"column":101}},"1":{"start":{"line":1,"column":269},"end":{"line":1,"column":323}},"2":{"start":{"line":3,"column":19},"end":{"line":7,"column":4}},"3":{"start":{"line":5,"column":36},"end":{"line":5,"column":79}},"4":{"start":{"line":6,"column":2},"end":{"line":6,"column":43}}},"fnMap":{"0":{"name":"_interopRequireDefault","decl":{"start":{"line":1,"column":240},"end":{"line":1,"column":262}},"loc":{"start":{"line":1,"column":268},"end":{"line":1,"column":324}}},"1":{"name":"findByZip","decl":{"start":{"line":4,"column":21},"end":{"line":4,"column":30}},"loc":{"start":{"line":4,"column":36},"end":{"line":7,"column":2}}}},"branchMap":{"0":{"loc":{"start":{"line":1,"column":276},"end":{"line":1,"column":322}},"type":"cond-expr","locations":[{"start":{"line":1,"column":300},"end":{"line":1,"column":303}},{"start":{"line":1,"column":306},"end":{"line":1,"column":322}}]},"1":{"loc":{"start":{"line":1,"column":276},"end":{"line":1,"column":297}},"type":"binary-expr","locations":[{"start":{"line":1,"column":276},"end":{"line":1,"column":279}},{"start":{"line":1,"column":283},"end":{"line":1,"column":297}}]}},"s":{"0":0,"1":0,"2":0,"3":0,"4":0},"f":{"0":0,"1":0},"b":{"0":[0,0],"1":[0,0]}}
,"/Users/dslaugh/github_repos/testjs/jest_test/src/Ziplocations.js": {"path":"/Users/dslaugh/github_repos/testjs/jest_test/src/Ziplocations.js","statementMap":{"0":{"start":{"line":3,"column":21},"end":{"line":8,"column":1}},"1":{"start":{"line":5,"column":12},"end":{"line":5,"column":45}},"2":{"start":{"line":6,"column":2},"end":{"line":6,"column":43}}},"fnMap":{},"branchMap":{},"s":{"0":1,"1":1,"2":1},"f":{},"b":{},"_coverageSchema":"332fd63041d2c1bcb487cc26dd0d5f7d97098a6c","hash":"2372ea56dd66f7ffc70fcaf71aaa371998293621"}
,"/Users/dslaugh/github_repos/testjs/jest_test/src/getDB.js": {"path":"/Users/dslaugh/github_repos/testjs/jest_test/src/getDB.js","statementMap":{"0":{"start":{"line":1,"column":39},"end":{"line":1,"column":101}},"1":{"start":{"line":1,"column":113},"end":{"line":4,"column":4}},"2":{"start":{"line":3,"column":2},"end":{"line":3,"column":32}}},"fnMap":{"0":{"name":"create","decl":{"start":{"line":2,"column":18},"end":{"line":2,"column":24}},"loc":{"start":{"line":2,"column":30},"end":{"line":4,"column":2}}}},"branchMap":{},"s":{"0":0,"1":0,"2":0},"f":{"0":0},"b":{}}
,"/Users/dslaugh/github_repos/testjs/jest_test/src/request.js": {"path":"/Users/dslaugh/github_repos/testjs/jest_test/src/request.js","statementMap":{"0":{"start":{"line":1,"column":39},"end":{"line":1,"column":101}},"1":{"start":{"line":1,"column":101},"end":{"line":3,"column":8}},"2":{"start":{"line":3,"column":19},"end":{"line":3,"column":34}},"3":{"start":{"line":4,"column":1},"end":{"line":10,"column":4}},"4":{"start":{"line":5,"column":2},"end":{"line":9,"column":5}},"5":{"start":{"line":6,"column":14},"end":{"line":6,"column":16}},"6":{"start":{"line":7,"column":3},"end":{"line":7,"column":91}},"7":{"start":{"line":8,"column":3},"end":{"line":8,"column":85}}},"fnMap":{"0":{"name":"request","decl":{"start":{"line":3,"column":44},"end":{"line":3,"column":51}},"loc":{"start":{"line":3,"column":57},"end":{"line":11,"column":1}}},"1":{"name":"(anonymous_1)","decl":{"start":{"line":4,"column":20},"end":{"line":4,"column":21}},"loc":{"start":{"line":4,"column":39},"end":{"line":10,"column":2}}},"2":{"name":"(anonymous_2)","decl":{"start":{"line":5,"column":26},"end":{"line":5,"column":27}},"loc":{"start":{"line":5,"column":46},"end":{"line":9,"column":3}}},"3":{"name":"(anonymous_3)","decl":{"start":{"line":7,"column":23},"end":{"line":7,"column":24}},"loc":{"start":{"line":7,"column":66},"end":{"line":7,"column":89}}},"4":{"name":"(anonymous_4)","decl":{"start":{"line":8,"column":22},"end":{"line":8,"column":23}},"loc":{"start":{"line":8,"column":60},"end":{"line":8,"column":83}}}},"branchMap":{},"s":{"0":0,"1":0,"2":0,"3":0,"4":0,"5":0,"6":0,"7":0},"f":{"0":0,"1":0,"2":0,"3":0,"4":0},"b":{}}
,"/Users/dslaugh/github_repos/testjs/jest_test/src/subtract.js": {"path":"/Users/dslaugh/github_repos/testjs/jest_test/src/subtract.js","statementMap":{"0":{"start":{"line":2,"column":1},"end":{"line":2,"column":14}}},"fnMap":{"0":{"name":"subtract","decl":{"start":{"line":1,"column":24},"end":{"line":1,"column":32}},"loc":{"start":{"line":1,"column":39},"end":{"line":3,"column":1}}}},"branchMap":{},"s":{"0":1},"f":{"0":1},"b":{},"_coverageSchema":"332fd63041d2c1bcb487cc26dd0d5f7d97098a6c","hash":"fa984419238bd6fd777ec36ec47277116dc7552a"}
,"/Users/dslaugh/github_repos/testjs/jest_test/src/sum.js": {"path":"/Users/dslaugh/github_repos/testjs/jest_test/src/sum.js","statementMap":{"0":{"start":{"line":2,"column":1},"end":{"line":2,"column":14}}},"fnMap":{"0":{"name":"sum","decl":{"start":{"line":1,"column":9},"end":{"line":1,"column":12}},"loc":{"start":{"line":1,"column":19},"end":{"line":3,"column":1}}}},"branchMap":{},"s":{"0":1},"f":{"0":1},"b":{},"_coverageSchema":"332fd63041d2c1bcb487cc26dd0d5f7d97098a6c","hash":"ca5920a7b2ce33f58e7f4441fa7eee713611ca55"}
,"/Users/dslaugh/github_repos/testjs/jest_test/src/user.js": {"path":"/Users/dslaugh/github_repos/testjs/jest_test/src/user.js","statementMap":{"0":{"start":{"line":4,"column":1},"end":{"line":4,"column":60}},"1":{"start":{"line":4,"column":49},"end":{"line":4,"column":58}}},"fnMap":{"0":{"name":"getUserName","decl":{"start":{"line":3,"column":16},"end":{"line":3,"column":27}},"loc":{"start":{"line":3,"column":36},"end":{"line":5,"column":1}}},"1":{"name":"(anonymous_1)","decl":{"start":{"line":4,"column":41},"end":{"line":4,"column":42}},"loc":{"start":{"line":4,"column":49},"end":{"line":4,"column":58}}}},"branchMap":{},"s":{"0":1,"1":1},"f":{"0":1,"1":1},"b":{},"_coverageSchema":"332fd63041d2c1bcb487cc26dd0d5f7d97098a6c","hash":"2c5cc6f8d4127ca0f5ece8c3a401cf878288d683"}
}
