TN:
SF:/Users/dslaugh/github_repos/testjs/jest_test/src/ZipLocations.js
FN:1,_interopRequireDefault
FN:4,findByZip
FNF:2
FNH:0
FNDA:0,_interopRequireDefault
FNDA:0,findByZip
DA:1,0
DA:3,0
DA:5,0
DA:6,0
LF:4
LH:0
BRDA:1,0,0,0
BRDA:1,0,1,0
BRDA:1,1,0,0
BRDA:1,1,1,0
BRF:4
BRH:0
end_of_record
TN:
SF:/Users/dslaugh/github_repos/testjs/jest_test/src/Ziplocations.js
FNF:0
FNH:0
DA:3,1
DA:5,1
DA:6,1
LF:3
LH:3
BRF:0
BRH:0
end_of_record
TN:
SF:/Users/dslaugh/github_repos/testjs/jest_test/src/getDB.js
FN:2,create
FNF:1
FNH:0
FNDA:0,create
DA:1,0
DA:3,0
LF:2
LH:0
BRF:0
BRH:0
end_of_record
TN:
SF:/Users/dslaugh/github_repos/testjs/jest_test/src/request.js
FN:3,request
FN:4,(anonymous_1)
FN:5,(anonymous_2)
FN:7,(anonymous_3)
FN:8,(anonymous_4)
FNF:5
FNH:0
FNDA:0,request
FNDA:0,(anonymous_1)
FNDA:0,(anonymous_2)
FNDA:0,(anonymous_3)
FNDA:0,(anonymous_4)
DA:1,0
DA:3,0
DA:4,0
DA:5,0
DA:6,0
DA:7,0
DA:8,0
LF:7
LH:0
BRF:0
BRH:0
end_of_record
TN:
SF:/Users/dslaugh/github_repos/testjs/jest_test/src/subtract.js
FN:1,subtract
FNF:1
FNH:1
FNDA:1,subtract
DA:2,1
LF:1
LH:1
BRF:0
BRH:0
end_of_record
TN:
SF:/Users/dslaugh/github_repos/testjs/jest_test/src/sum.js
FN:1,sum
FNF:1
FNH:1
FNDA:1,sum
DA:2,1
LF:1
LH:1
BRF:0
BRH:0
end_of_record
TN:
SF:/Users/dslaugh/github_repos/testjs/jest_test/src/user.js
FN:3,getUserName
FN:4,(anonymous_1)
FNF:2
FNH:2
FNDA:1,getUserName
FNDA:1,(anonymous_1)
DA:4,1
LF:1
LH:1
BRF:0
BRH:0
end_of_record
